ERROR - 2024-06-10 08:43:19 --> mysqli_sql_exception: Table 'helpdeskz.hdz_config' doesn't exist in C:\xampp\htdocs\helpdeskz\hdz\framework\Database\MySQLi\Connection.php:314
Stack trace:
#0 C:\xampp\htdocs\helpdeskz\hdz\framework\Database\MySQLi\Connection.php(314): mysqli->query('SELECT *\nFROM `...')
#1 C:\xampp\htdocs\helpdeskz\hdz\framework\Database\BaseConnection.php(713): CodeIgniter\Database\MySQLi\Connection->execute('SELECT *\nFROM `...')
#2 C:\xampp\htdocs\helpdeskz\hdz\framework\Database\BaseConnection.php(641): CodeIgniter\Database\BaseConnection->simpleQuery('SELECT *\nFROM `...')
#3 C:\xampp\htdocs\helpdeskz\hdz\framework\Database\BaseBuilder.php(1866): CodeIgniter\Database\BaseConnection->query('SELECT *\nFROM `...', Array, false)
#4 C:\xampp\htdocs\helpdeskz\hdz\app\Libraries\Settings.php(20): CodeIgniter\Database\BaseBuilder->get()
#5 C:\xampp\htdocs\helpdeskz\hdz\app\Controllers\BaseController.php(71): App\Libraries\Settings->config('maintenance')
#6 C:\xampp\htdocs\helpdeskz\hdz\framework\CodeIgniter.php(909): App\Controllers\BaseController->initController(Object(CodeIgniter\HTTP\IncomingRequest), Object(CodeIgniter\HTTP\Response), Object(CodeIgniter\Log\Logger))
#7 C:\xampp\htdocs\helpdeskz\hdz\framework\CodeIgniter.php(969): CodeIgniter\CodeIgniter->createController()
#8 C:\xampp\htdocs\helpdeskz\hdz\framework\CodeIgniter.php(349): CodeIgniter\CodeIgniter->display404errors(Object(CodeIgniter\Exceptions\PageNotFoundException))
#9 C:\xampp\htdocs\helpdeskz\index.php(44): CodeIgniter\CodeIgniter->run()
#10 {main}
ERROR - 2024-06-10 08:43:19 --> mysqli_sql_exception: Table 'helpdeskz.hdz_config' doesn't exist in C:\xampp\htdocs\helpdeskz\hdz\framework\Database\MySQLi\Connection.php:314
Stack trace:
#0 C:\xampp\htdocs\helpdeskz\hdz\framework\Database\MySQLi\Connection.php(314): mysqli->query('SELECT *\nFROM `...')
#1 C:\xampp\htdocs\helpdeskz\hdz\framework\Database\BaseConnection.php(713): CodeIgniter\Database\MySQLi\Connection->execute('SELECT *\nFROM `...')
#2 C:\xampp\htdocs\helpdeskz\hdz\framework\Database\BaseConnection.php(641): CodeIgniter\Database\BaseConnection->simpleQuery('SELECT *\nFROM `...')
#3 C:\xampp\htdocs\helpdeskz\hdz\framework\Database\BaseBuilder.php(1866): CodeIgniter\Database\BaseConnection->query('SELECT *\nFROM `...', Array, false)
#4 C:\xampp\htdocs\helpdeskz\hdz\app\Libraries\Settings.php(20): CodeIgniter\Database\BaseBuilder->get()
#5 C:\xampp\htdocs\helpdeskz\hdz\app\Controllers\BaseController.php(71): App\Libraries\Settings->config('maintenance')
#6 C:\xampp\htdocs\helpdeskz\hdz\framework\CodeIgniter.php(909): App\Controllers\BaseController->initController(Object(CodeIgniter\HTTP\IncomingRequest), Object(CodeIgniter\HTTP\Response), Object(CodeIgniter\Log\Logger))
#7 C:\xampp\htdocs\helpdeskz\hdz\framework\CodeIgniter.php(969): CodeIgniter\CodeIgniter->createController()
#8 C:\xampp\htdocs\helpdeskz\hdz\framework\CodeIgniter.php(349): CodeIgniter\CodeIgniter->display404errors(Object(CodeIgniter\Exceptions\PageNotFoundException))
#9 C:\xampp\htdocs\helpdeskz\index.php(44): CodeIgniter\CodeIgniter->run()
#10 {main}
ERROR - 2024-06-10 08:43:19 --> mysqli_sql_exception: Table 'helpdeskz.hdz_config' doesn't exist in C:\xampp\htdocs\helpdeskz\hdz\framework\Database\MySQLi\Connection.php:314
Stack trace:
#0 C:\xampp\htdocs\helpdeskz\hdz\framework\Database\MySQLi\Connection.php(314): mysqli->query('SELECT *\nFROM `...')
#1 C:\xampp\htdocs\helpdeskz\hdz\framework\Database\BaseConnection.php(713): CodeIgniter\Database\MySQLi\Connection->execute('SELECT *\nFROM `...')
#2 C:\xampp\htdocs\helpdeskz\hdz\framework\Database\BaseConnection.php(641): CodeIgniter\Database\BaseConnection->simpleQuery('SELECT *\nFROM `...')
#3 C:\xampp\htdocs\helpdeskz\hdz\framework\Database\BaseBuilder.php(1866): CodeIgniter\Database\BaseConnection->query('SELECT *\nFROM `...', Array, false)
#4 C:\xampp\htdocs\helpdeskz\hdz\app\Libraries\Settings.php(20): CodeIgniter\Database\BaseBuilder->get()
#5 C:\xampp\htdocs\helpdeskz\hdz\app\Controllers\BaseController.php(71): App\Libraries\Settings->config('maintenance')
#6 C:\xampp\htdocs\helpdeskz\hdz\framework\CodeIgniter.php(909): App\Controllers\BaseController->initController(Object(CodeIgniter\HTTP\IncomingRequest), Object(CodeIgniter\HTTP\Response), Object(CodeIgniter\Log\Logger))
#7 C:\xampp\htdocs\helpdeskz\hdz\framework\CodeIgniter.php(969): CodeIgniter\CodeIgniter->createController()
#8 C:\xampp\htdocs\helpdeskz\hdz\framework\CodeIgniter.php(349): CodeIgniter\CodeIgniter->display404errors(Object(CodeIgniter\Exceptions\PageNotFoundException))
#9 C:\xampp\htdocs\helpdeskz\index.php(44): CodeIgniter\CodeIgniter->run()
#10 {main}
ERROR - 2024-06-10 08:43:19 --> mysqli_sql_exception: Table 'helpdeskz.hdz_config' doesn't exist in C:\xampp\htdocs\helpdeskz\hdz\framework\Database\MySQLi\Connection.php:314
Stack trace:
#0 C:\xampp\htdocs\helpdeskz\hdz\framework\Database\MySQLi\Connection.php(314): mysqli->query('SELECT *\nFROM `...')
#1 C:\xampp\htdocs\helpdeskz\hdz\framework\Database\BaseConnection.php(713): CodeIgniter\Database\MySQLi\Connection->execute('SELECT *\nFROM `...')
#2 C:\xampp\htdocs\helpdeskz\hdz\framework\Database\BaseConnection.php(641): CodeIgniter\Database\BaseConnection->simpleQuery('SELECT *\nFROM `...')
#3 C:\xampp\htdocs\helpdeskz\hdz\framework\Database\BaseBuilder.php(1866): CodeIgniter\Database\BaseConnection->query('SELECT *\nFROM `...', Array, false)
#4 C:\xampp\htdocs\helpdeskz\hdz\app\Libraries\Settings.php(20): CodeIgniter\Database\BaseBuilder->get()
#5 C:\xampp\htdocs\helpdeskz\hdz\app\Controllers\BaseController.php(71): App\Libraries\Settings->config('maintenance')
#6 C:\xampp\htdocs\helpdeskz\hdz\framework\CodeIgniter.php(909): App\Controllers\BaseController->initController(Object(CodeIgniter\HTTP\IncomingRequest), Object(CodeIgniter\HTTP\Response), Object(CodeIgniter\Log\Logger))
#7 C:\xampp\htdocs\helpdeskz\hdz\framework\CodeIgniter.php(969): CodeIgniter\CodeIgniter->createController()
#8 C:\xampp\htdocs\helpdeskz\hdz\framework\CodeIgniter.php(349): CodeIgniter\CodeIgniter->display404errors(Object(CodeIgniter\Exceptions\PageNotFoundException))
#9 C:\xampp\htdocs\helpdeskz\index.php(44): CodeIgniter\CodeIgniter->run()
#10 {main}
ERROR - 2024-06-10 08:43:19 --> mysqli_sql_exception: Table 'helpdeskz.hdz_kb_category' doesn't exist in C:\xampp\htdocs\helpdeskz\hdz\framework\Database\MySQLi\Connection.php:314
Stack trace:
#0 C:\xampp\htdocs\helpdeskz\hdz\framework\Database\MySQLi\Connection.php(314): mysqli->query('SELECT *\nFROM `...')
#1 C:\xampp\htdocs\helpdeskz\hdz\framework\Database\BaseConnection.php(713): CodeIgniter\Database\MySQLi\Connection->execute('SELECT *\nFROM `...')
#2 C:\xampp\htdocs\helpdeskz\hdz\framework\Database\BaseConnection.php(641): CodeIgniter\Database\BaseConnection->simpleQuery('SELECT *\nFROM `...')
#3 C:\xampp\htdocs\helpdeskz\hdz\framework\Database\BaseBuilder.php(1866): CodeIgniter\Database\BaseConnection->query('SELECT *\nFROM `...', Array, false)
#4 C:\xampp\htdocs\helpdeskz\hdz\framework\Model.php(836): CodeIgniter\Database\BaseBuilder->get()
#5 C:\xampp\htdocs\helpdeskz\hdz\app\Libraries\Kb.php(73): CodeIgniter\Model->__call('get', Array)
#6 C:\xampp\htdocs\helpdeskz\hdz\app\Libraries\Kb.php(28): App\Libraries\Kb->publicCatList()
#7 C:\xampp\htdocs\helpdeskz\hdz\app\Config\Services.php(41): App\Libraries\Kb->__construct()
#8 C:\xampp\htdocs\helpdeskz\hdz\framework\Config\BaseService.php(100): Config\Services::kb(false)
#9 C:\xampp\htdocs\helpdeskz\hdz\app\Config\Services.php(39): CodeIgniter\Config\BaseService::getSharedInstance('kb')
#10 C:\xampp\htdocs\helpdeskz\hdz\app\Helpers\helpdesk_helper.php(122): Config\Services::kb()
#11 C:\xampp\htdocs\helpdeskz\hdz\app\Views\client\page_template.php(39): kb_popular()
#12 C:\xampp\htdocs\helpdeskz\hdz\framework\View\View.php(220): include('C:\\xampp\\htdocs...')
#13 C:\xampp\htdocs\helpdeskz\hdz\framework\View\View.php(222): CodeIgniter\View\View->CodeIgniter\View\{closure}()
#14 C:\xampp\htdocs\helpdeskz\hdz\framework\View\View.php(236): CodeIgniter\View\View->render('client/page_tem...', Array, true)
#15 C:\xampp\htdocs\helpdeskz\hdz\framework\Common.php(1217): CodeIgniter\View\View->render('client/error', Array, true)
#16 C:\xampp\htdocs\helpdeskz\hdz\app\Controllers\Kb.php(10): view('client/error', Array)
#17 C:\xampp\htdocs\helpdeskz\hdz\framework\CodeIgniter.php(936): App\Controllers\Kb->error404('plugins', 'bootstrap', 'js', 'bootstrap.min.j...')
#18 C:\xampp\htdocs\helpdeskz\hdz\framework\CodeIgniter.php(970): CodeIgniter\CodeIgniter->runController(Object(App\Controllers\Kb))
#19 C:\xampp\htdocs\helpdeskz\hdz\framework\CodeIgniter.php(349): CodeIgniter\CodeIgniter->display404errors(Object(CodeIgniter\Exceptions\PageNotFoundException))
#20 C:\xampp\htdocs\helpdeskz\index.php(44): CodeIgniter\CodeIgniter->run()
#21 {main}
ERROR - 2024-06-10 08:43:19 --> mysqli_sql_exception: Table 'helpdeskz.hdz_kb_category' doesn't exist in C:\xampp\htdocs\helpdeskz\hdz\framework\Database\MySQLi\Connection.php:314
Stack trace:
#0 C:\xampp\htdocs\helpdeskz\hdz\framework\Database\MySQLi\Connection.php(314): mysqli->query('SELECT *\nFROM `...')
#1 C:\xampp\htdocs\helpdeskz\hdz\framework\Database\BaseConnection.php(713): CodeIgniter\Database\MySQLi\Connection->execute('SELECT *\nFROM `...')
#2 C:\xampp\htdocs\helpdeskz\hdz\framework\Database\BaseConnection.php(641): CodeIgniter\Database\BaseConnection->simpleQuery('SELECT *\nFROM `...')
#3 C:\xampp\htdocs\helpdeskz\hdz\framework\Database\BaseBuilder.php(1866): CodeIgniter\Database\BaseConnection->query('SELECT *\nFROM `...', Array, false)
#4 C:\xampp\htdocs\helpdeskz\hdz\framework\Model.php(836): CodeIgniter\Database\BaseBuilder->get()
#5 C:\xampp\htdocs\helpdeskz\hdz\app\Libraries\Kb.php(73): CodeIgniter\Model->__call('get', Array)
#6 C:\xampp\htdocs\helpdeskz\hdz\app\Libraries\Kb.php(28): App\Libraries\Kb->publicCatList()
#7 C:\xampp\htdocs\helpdeskz\hdz\app\Config\Services.php(41): App\Libraries\Kb->__construct()
#8 C:\xampp\htdocs\helpdeskz\hdz\framework\Config\BaseService.php(100): Config\Services::kb(false)
#9 C:\xampp\htdocs\helpdeskz\hdz\app\Config\Services.php(39): CodeIgniter\Config\BaseService::getSharedInstance('kb')
#10 C:\xampp\htdocs\helpdeskz\hdz\app\Helpers\helpdesk_helper.php(122): Config\Services::kb()
#11 C:\xampp\htdocs\helpdeskz\hdz\app\Views\client\page_template.php(39): kb_popular()
#12 C:\xampp\htdocs\helpdeskz\hdz\framework\View\View.php(220): include('C:\\xampp\\htdocs...')
#13 C:\xampp\htdocs\helpdeskz\hdz\framework\View\View.php(222): CodeIgniter\View\View->CodeIgniter\View\{closure}()
#14 C:\xampp\htdocs\helpdeskz\hdz\framework\View\View.php(236): CodeIgniter\View\View->render('client/page_tem...', Array, true)
#15 C:\xampp\htdocs\helpdeskz\hdz\framework\Common.php(1217): CodeIgniter\View\View->render('client/error', Array, true)
#16 C:\xampp\htdocs\helpdeskz\hdz\app\Controllers\Kb.php(10): view('client/error', Array)
#17 C:\xampp\htdocs\helpdeskz\hdz\framework\CodeIgniter.php(936): App\Controllers\Kb->error404('js', 'vendor-all.min....')
#18 C:\xampp\htdocs\helpdeskz\hdz\framework\CodeIgniter.php(970): CodeIgniter\CodeIgniter->runController(Object(App\Controllers\Kb))
#19 C:\xampp\htdocs\helpdeskz\hdz\framework\CodeIgniter.php(349): CodeIgniter\CodeIgniter->display404errors(Object(CodeIgniter\Exceptions\PageNotFoundException))
#20 C:\xampp\htdocs\helpdeskz\index.php(44): CodeIgniter\CodeIgniter->run()
#21 {main}
ERROR - 2024-06-10 08:43:19 --> mysqli_sql_exception: Table 'helpdeskz.hdz_kb_category' doesn't exist in C:\xampp\htdocs\helpdeskz\hdz\framework\Database\MySQLi\Connection.php:314
Stack trace:
#0 C:\xampp\htdocs\helpdeskz\hdz\framework\Database\MySQLi\Connection.php(314): mysqli->query('SELECT *\nFROM `...')
#1 C:\xampp\htdocs\helpdeskz\hdz\framework\Database\BaseConnection.php(713): CodeIgniter\Database\MySQLi\Connection->execute('SELECT *\nFROM `...')
#2 C:\xampp\htdocs\helpdeskz\hdz\framework\Database\BaseConnection.php(641): CodeIgniter\Database\BaseConnection->simpleQuery('SELECT *\nFROM `...')
#3 C:\xampp\htdocs\helpdeskz\hdz\framework\Database\BaseBuilder.php(1866): CodeIgniter\Database\BaseConnection->query('SELECT *\nFROM `...', Array, false)
#4 C:\xampp\htdocs\helpdeskz\hdz\framework\Model.php(836): CodeIgniter\Database\BaseBuilder->get()
#5 C:\xampp\htdocs\helpdeskz\hdz\app\Libraries\Kb.php(73): CodeIgniter\Model->__call('get', Array)
#6 C:\xampp\htdocs\helpdeskz\hdz\app\Libraries\Kb.php(28): App\Libraries\Kb->publicCatList()
#7 C:\xampp\htdocs\helpdeskz\hdz\app\Config\Services.php(41): App\Libraries\Kb->__construct()
#8 C:\xampp\htdocs\helpdeskz\hdz\framework\Config\BaseService.php(100): Config\Services::kb(false)
#9 C:\xampp\htdocs\helpdeskz\hdz\app\Config\Services.php(39): CodeIgniter\Config\BaseService::getSharedInstance('kb')
#10 C:\xampp\htdocs\helpdeskz\hdz\app\Helpers\helpdesk_helper.php(122): Config\Services::kb()
#11 C:\xampp\htdocs\helpdeskz\hdz\app\Views\client\page_template.php(39): kb_popular()
#12 C:\xampp\htdocs\helpdeskz\hdz\framework\View\View.php(220): include('C:\\xampp\\htdocs...')
#13 C:\xampp\htdocs\helpdeskz\hdz\framework\View\View.php(222): CodeIgniter\View\View->CodeIgniter\View\{closure}()
#14 C:\xampp\htdocs\helpdeskz\hdz\framework\View\View.php(236): CodeIgniter\View\View->render('client/page_tem...', Array, true)
#15 C:\xampp\htdocs\helpdeskz\hdz\framework\Common.php(1217): CodeIgniter\View\View->render('client/error', Array, true)
#16 C:\xampp\htdocs\helpdeskz\hdz\app\Controllers\Kb.php(10): view('client/error', Array)
#17 C:\xampp\htdocs\helpdeskz\hdz\framework\CodeIgniter.php(936): App\Controllers\Kb->error404('plugins', 'bootstrap', 'js', 'bootstrap.min.j...')
#18 C:\xampp\htdocs\helpdeskz\hdz\framework\CodeIgniter.php(970): CodeIgniter\CodeIgniter->runController(Object(App\Controllers\Kb))
#19 C:\xampp\htdocs\helpdeskz\hdz\framework\CodeIgniter.php(349): CodeIgniter\CodeIgniter->display404errors(Object(CodeIgniter\Exceptions\PageNotFoundException))
#20 C:\xampp\htdocs\helpdeskz\index.php(44): CodeIgniter\CodeIgniter->run()
#21 {main}
CRITICAL - 2024-06-10 08:43:19 --> Attempt to read property "num_rows" on bool
#0 C:\xampp\htdocs\helpdeskz\hdz\app\Libraries\Kb.php(74): CodeIgniter\Debug\Exceptions->errorHandler(2, 'Attempt to read...', 'C:\\xampp\\htdocs...', 74)
#1 C:\xampp\htdocs\helpdeskz\hdz\app\Libraries\Kb.php(28): App\Libraries\Kb->publicCatList()
#2 C:\xampp\htdocs\helpdeskz\hdz\app\Config\Services.php(41): App\Libraries\Kb->__construct()
#3 C:\xampp\htdocs\helpdeskz\hdz\framework\Config\BaseService.php(100): Config\Services::kb(false)
#4 C:\xampp\htdocs\helpdeskz\hdz\app\Config\Services.php(39): CodeIgniter\Config\BaseService::getSharedInstance('kb')
#5 C:\xampp\htdocs\helpdeskz\hdz\app\Helpers\helpdesk_helper.php(122): Config\Services::kb()
#6 C:\xampp\htdocs\helpdeskz\hdz\app\Views\client\page_template.php(39): kb_popular()
#7 C:\xampp\htdocs\helpdeskz\hdz\framework\View\View.php(220): include('C:\\xampp\\htdocs...')
#8 C:\xampp\htdocs\helpdeskz\hdz\framework\View\View.php(222): CodeIgniter\View\View->CodeIgniter\View\{closure}()
#9 C:\xampp\htdocs\helpdeskz\hdz\framework\View\View.php(236): CodeIgniter\View\View->render('client/page_tem...', Array, true)
#10 C:\xampp\htdocs\helpdeskz\hdz\framework\Common.php(1217): CodeIgniter\View\View->render('client/error', Array, true)
#11 C:\xampp\htdocs\helpdeskz\hdz\app\Controllers\Kb.php(10): view('client/error', Array)
#12 C:\xampp\htdocs\helpdeskz\hdz\framework\CodeIgniter.php(936): App\Controllers\Kb->error404('plugins', 'bootstrap', 'js', 'bootstrap.min.j...')
#13 C:\xampp\htdocs\helpdeskz\hdz\framework\CodeIgniter.php(970): CodeIgniter\CodeIgniter->runController(Object(App\Controllers\Kb))
#14 C:\xampp\htdocs\helpdeskz\hdz\framework\CodeIgniter.php(349): CodeIgniter\CodeIgniter->display404errors(Object(CodeIgniter\Exceptions\PageNotFoundException))
#15 C:\xampp\htdocs\helpdeskz\index.php(44): CodeIgniter\CodeIgniter->run()
#16 {main}
CRITICAL - 2024-06-10 08:43:19 --> Attempt to read property "num_rows" on bool
#0 C:\xampp\htdocs\helpdeskz\hdz\app\Libraries\Kb.php(74): CodeIgniter\Debug\Exceptions->errorHandler(2, 'Attempt to read...', 'C:\\xampp\\htdocs...', 74)
#1 C:\xampp\htdocs\helpdeskz\hdz\app\Libraries\Kb.php(28): App\Libraries\Kb->publicCatList()
#2 C:\xampp\htdocs\helpdeskz\hdz\app\Config\Services.php(41): App\Libraries\Kb->__construct()
#3 C:\xampp\htdocs\helpdeskz\hdz\framework\Config\BaseService.php(100): Config\Services::kb(false)
#4 C:\xampp\htdocs\helpdeskz\hdz\app\Config\Services.php(39): CodeIgniter\Config\BaseService::getSharedInstance('kb')
#5 C:\xampp\htdocs\helpdeskz\hdz\app\Helpers\helpdesk_helper.php(122): Config\Services::kb()
#6 C:\xampp\htdocs\helpdeskz\hdz\app\Views\client\page_template.php(39): kb_popular()
#7 C:\xampp\htdocs\helpdeskz\hdz\framework\View\View.php(220): include('C:\\xampp\\htdocs...')
#8 C:\xampp\htdocs\helpdeskz\hdz\framework\View\View.php(222): CodeIgniter\View\View->CodeIgniter\View\{closure}()
#9 C:\xampp\htdocs\helpdeskz\hdz\framework\View\View.php(236): CodeIgniter\View\View->render('client/page_tem...', Array, true)
#10 C:\xampp\htdocs\helpdeskz\hdz\framework\Common.php(1217): CodeIgniter\View\View->render('client/error', Array, true)
#11 C:\xampp\htdocs\helpdeskz\hdz\app\Controllers\Kb.php(10): view('client/error', Array)
#12 C:\xampp\htdocs\helpdeskz\hdz\framework\CodeIgniter.php(936): App\Controllers\Kb->error404('js', 'vendor-all.min....')
#13 C:\xampp\htdocs\helpdeskz\hdz\framework\CodeIgniter.php(970): CodeIgniter\CodeIgniter->runController(Object(App\Controllers\Kb))
#14 C:\xampp\htdocs\helpdeskz\hdz\framework\CodeIgniter.php(349): CodeIgniter\CodeIgniter->display404errors(Object(CodeIgniter\Exceptions\PageNotFoundException))
#15 C:\xampp\htdocs\helpdeskz\index.php(44): CodeIgniter\CodeIgniter->run()
#16 {main}
ERROR - 2024-06-10 08:43:19 --> mysqli_sql_exception: Table 'helpdeskz.hdz_kb_category' doesn't exist in C:\xampp\htdocs\helpdeskz\hdz\framework\Database\MySQLi\Connection.php:314
Stack trace:
#0 C:\xampp\htdocs\helpdeskz\hdz\framework\Database\MySQLi\Connection.php(314): mysqli->query('SELECT *\nFROM `...')
#1 C:\xampp\htdocs\helpdeskz\hdz\framework\Database\BaseConnection.php(713): CodeIgniter\Database\MySQLi\Connection->execute('SELECT *\nFROM `...')
#2 C:\xampp\htdocs\helpdeskz\hdz\framework\Database\BaseConnection.php(641): CodeIgniter\Database\BaseConnection->simpleQuery('SELECT *\nFROM `...')
#3 C:\xampp\htdocs\helpdeskz\hdz\framework\Database\BaseBuilder.php(1866): CodeIgniter\Database\BaseConnection->query('SELECT *\nFROM `...', Array, false)
#4 C:\xampp\htdocs\helpdeskz\hdz\framework\Model.php(836): CodeIgniter\Database\BaseBuilder->get()
#5 C:\xampp\htdocs\helpdeskz\hdz\app\Libraries\Kb.php(73): CodeIgniter\Model->__call('get', Array)
#6 C:\xampp\htdocs\helpdeskz\hdz\app\Libraries\Kb.php(28): App\Libraries\Kb->publicCatList()
#7 C:\xampp\htdocs\helpdeskz\hdz\app\Config\Services.php(41): App\Libraries\Kb->__construct()
#8 C:\xampp\htdocs\helpdeskz\hdz\framework\Config\BaseService.php(100): Config\Services::kb(false)
#9 C:\xampp\htdocs\helpdeskz\hdz\app\Config\Services.php(39): CodeIgniter\Config\BaseService::getSharedInstance('kb')
#10 C:\xampp\htdocs\helpdeskz\hdz\app\Helpers\helpdesk_helper.php(122): Config\Services::kb()
#11 C:\xampp\htdocs\helpdeskz\hdz\app\Views\client\page_template.php(39): kb_popular()
#12 C:\xampp\htdocs\helpdeskz\hdz\framework\View\View.php(220): include('C:\\xampp\\htdocs...')
#13 C:\xampp\htdocs\helpdeskz\hdz\framework\View\View.php(222): CodeIgniter\View\View->CodeIgniter\View\{closure}()
#14 C:\xampp\htdocs\helpdeskz\hdz\framework\View\View.php(236): CodeIgniter\View\View->render('client/page_tem...', Array, true)
#15 C:\xampp\htdocs\helpdeskz\hdz\framework\Common.php(1217): CodeIgniter\View\View->render('client/error', Array, true)
#16 C:\xampp\htdocs\helpdeskz\hdz\app\Controllers\Kb.php(10): view('client/error', Array)
#17 C:\xampp\htdocs\helpdeskz\hdz\framework\CodeIgniter.php(936): App\Controllers\Kb->error404('js', 'vendor-all.min....')
#18 C:\xampp\htdocs\helpdeskz\hdz\framework\CodeIgniter.php(970): CodeIgniter\CodeIgniter->runController(Object(App\Controllers\Kb))
#19 C:\xampp\htdocs\helpdeskz\hdz\framework\CodeIgniter.php(349): CodeIgniter\CodeIgniter->display404errors(Object(CodeIgniter\Exceptions\PageNotFoundException))
#20 C:\xampp\htdocs\helpdeskz\index.php(44): CodeIgniter\CodeIgniter->run()
#21 {main}
CRITICAL - 2024-06-10 08:43:19 --> Attempt to read property "num_rows" on bool
#0 C:\xampp\htdocs\helpdeskz\hdz\app\Libraries\Kb.php(74): CodeIgniter\Debug\Exceptions->errorHandler(2, 'Attempt to read...', 'C:\\xampp\\htdocs...', 74)
#1 C:\xampp\htdocs\helpdeskz\hdz\app\Libraries\Kb.php(28): App\Libraries\Kb->publicCatList()
#2 C:\xampp\htdocs\helpdeskz\hdz\app\Config\Services.php(41): App\Libraries\Kb->__construct()
#3 C:\xampp\htdocs\helpdeskz\hdz\framework\Config\BaseService.php(100): Config\Services::kb(false)
#4 C:\xampp\htdocs\helpdeskz\hdz\app\Config\Services.php(39): CodeIgniter\Config\BaseService::getSharedInstance('kb')
#5 C:\xampp\htdocs\helpdeskz\hdz\app\Helpers\helpdesk_helper.php(122): Config\Services::kb()
#6 C:\xampp\htdocs\helpdeskz\hdz\app\Views\client\page_template.php(39): kb_popular()
#7 C:\xampp\htdocs\helpdeskz\hdz\framework\View\View.php(220): include('C:\\xampp\\htdocs...')
#8 C:\xampp\htdocs\helpdeskz\hdz\framework\View\View.php(222): CodeIgniter\View\View->CodeIgniter\View\{closure}()
#9 C:\xampp\htdocs\helpdeskz\hdz\framework\View\View.php(236): CodeIgniter\View\View->render('client/page_tem...', Array, true)
#10 C:\xampp\htdocs\helpdeskz\hdz\framework\Common.php(1217): CodeIgniter\View\View->render('client/error', Array, true)
#11 C:\xampp\htdocs\helpdeskz\hdz\app\Controllers\Kb.php(10): view('client/error', Array)
#12 C:\xampp\htdocs\helpdeskz\hdz\framework\CodeIgniter.php(936): App\Controllers\Kb->error404('plugins', 'bootstrap', 'js', 'bootstrap.min.j...')
#13 C:\xampp\htdocs\helpdeskz\hdz\framework\CodeIgniter.php(970): CodeIgniter\CodeIgniter->runController(Object(App\Controllers\Kb))
#14 C:\xampp\htdocs\helpdeskz\hdz\framework\CodeIgniter.php(349): CodeIgniter\CodeIgniter->display404errors(Object(CodeIgniter\Exceptions\PageNotFoundException))
#15 C:\xampp\htdocs\helpdeskz\index.php(44): CodeIgniter\CodeIgniter->run()
#16 {main}
CRITICAL - 2024-06-10 08:43:19 --> Attempt to read property "num_rows" on bool
#0 C:\xampp\htdocs\helpdeskz\hdz\app\Libraries\Kb.php(74): CodeIgniter\Debug\Exceptions->errorHandler(2, 'Attempt to read...', 'C:\\xampp\\htdocs...', 74)
#1 C:\xampp\htdocs\helpdeskz\hdz\app\Libraries\Kb.php(28): App\Libraries\Kb->publicCatList()
#2 C:\xampp\htdocs\helpdeskz\hdz\app\Config\Services.php(41): App\Libraries\Kb->__construct()
#3 C:\xampp\htdocs\helpdeskz\hdz\framework\Config\BaseService.php(100): Config\Services::kb(false)
#4 C:\xampp\htdocs\helpdeskz\hdz\app\Config\Services.php(39): CodeIgniter\Config\BaseService::getSharedInstance('kb')
#5 C:\xampp\htdocs\helpdeskz\hdz\app\Helpers\helpdesk_helper.php(122): Config\Services::kb()
#6 C:\xampp\htdocs\helpdeskz\hdz\app\Views\client\page_template.php(39): kb_popular()
#7 C:\xampp\htdocs\helpdeskz\hdz\framework\View\View.php(220): include('C:\\xampp\\htdocs...')
#8 C:\xampp\htdocs\helpdeskz\hdz\framework\View\View.php(222): CodeIgniter\View\View->CodeIgniter\View\{closure}()
#9 C:\xampp\htdocs\helpdeskz\hdz\framework\View\View.php(236): CodeIgniter\View\View->render('client/page_tem...', Array, true)
#10 C:\xampp\htdocs\helpdeskz\hdz\framework\Common.php(1217): CodeIgniter\View\View->render('client/error', Array, true)
#11 C:\xampp\htdocs\helpdeskz\hdz\app\Controllers\Kb.php(10): view('client/error', Array)
#12 C:\xampp\htdocs\helpdeskz\hdz\framework\CodeIgniter.php(936): App\Controllers\Kb->error404('js', 'vendor-all.min....')
#13 C:\xampp\htdocs\helpdeskz\hdz\framework\CodeIgniter.php(970): CodeIgniter\CodeIgniter->runController(Object(App\Controllers\Kb))
#14 C:\xampp\htdocs\helpdeskz\hdz\framework\CodeIgniter.php(349): CodeIgniter\CodeIgniter->display404errors(Object(CodeIgniter\Exceptions\PageNotFoundException))
#15 C:\xampp\htdocs\helpdeskz\index.php(44): CodeIgniter\CodeIgniter->run()
#16 {main}
ERROR - 2024-06-10 08:43:23 --> mysqli_sql_exception: Table 'helpdeskz.hdz_config' doesn't exist in C:\xampp\htdocs\helpdeskz\hdz\framework\Database\MySQLi\Connection.php:314
Stack trace:
#0 C:\xampp\htdocs\helpdeskz\hdz\framework\Database\MySQLi\Connection.php(314): mysqli->query('SELECT *\nFROM `...')
#1 C:\xampp\htdocs\helpdeskz\hdz\framework\Database\BaseConnection.php(713): CodeIgniter\Database\MySQLi\Connection->execute('SELECT *\nFROM `...')
#2 C:\xampp\htdocs\helpdeskz\hdz\framework\Database\BaseConnection.php(641): CodeIgniter\Database\BaseConnection->simpleQuery('SELECT *\nFROM `...')
#3 C:\xampp\htdocs\helpdeskz\hdz\framework\Database\BaseBuilder.php(1866): CodeIgniter\Database\BaseConnection->query('SELECT *\nFROM `...', Array, false)
#4 C:\xampp\htdocs\helpdeskz\hdz\app\Libraries\Settings.php(20): CodeIgniter\Database\BaseBuilder->get()
#5 C:\xampp\htdocs\helpdeskz\hdz\app\Controllers\BaseController.php(71): App\Libraries\Settings->config('maintenance')
#6 C:\xampp\htdocs\helpdeskz\hdz\framework\CodeIgniter.php(909): App\Controllers\BaseController->initController(Object(CodeIgniter\HTTP\IncomingRequest), Object(CodeIgniter\HTTP\Response), Object(CodeIgniter\Log\Logger))
#7 C:\xampp\htdocs\helpdeskz\hdz\framework\CodeIgniter.php(969): CodeIgniter\CodeIgniter->createController()
#8 C:\xampp\htdocs\helpdeskz\hdz\framework\CodeIgniter.php(349): CodeIgniter\CodeIgniter->display404errors(Object(CodeIgniter\Exceptions\PageNotFoundException))
#9 C:\xampp\htdocs\helpdeskz\index.php(44): CodeIgniter\CodeIgniter->run()
#10 {main}
ERROR - 2024-06-10 08:43:23 --> mysqli_sql_exception: Table 'helpdeskz.hdz_kb_category' doesn't exist in C:\xampp\htdocs\helpdeskz\hdz\framework\Database\MySQLi\Connection.php:314
Stack trace:
#0 C:\xampp\htdocs\helpdeskz\hdz\framework\Database\MySQLi\Connection.php(314): mysqli->query('SELECT *\nFROM `...')
#1 C:\xampp\htdocs\helpdeskz\hdz\framework\Database\BaseConnection.php(713): CodeIgniter\Database\MySQLi\Connection->execute('SELECT *\nFROM `...')
#2 C:\xampp\htdocs\helpdeskz\hdz\framework\Database\BaseConnection.php(641): CodeIgniter\Database\BaseConnection->simpleQuery('SELECT *\nFROM `...')
#3 C:\xampp\htdocs\helpdeskz\hdz\framework\Database\BaseBuilder.php(1866): CodeIgniter\Database\BaseConnection->query('SELECT *\nFROM `...', Array, false)
#4 C:\xampp\htdocs\helpdeskz\hdz\framework\Model.php(836): CodeIgniter\Database\BaseBuilder->get()
#5 C:\xampp\htdocs\helpdeskz\hdz\app\Libraries\Kb.php(73): CodeIgniter\Model->__call('get', Array)
#6 C:\xampp\htdocs\helpdeskz\hdz\app\Libraries\Kb.php(28): App\Libraries\Kb->publicCatList()
#7 C:\xampp\htdocs\helpdeskz\hdz\app\Config\Services.php(41): App\Libraries\Kb->__construct()
#8 C:\xampp\htdocs\helpdeskz\hdz\framework\Config\BaseService.php(100): Config\Services::kb(false)
#9 C:\xampp\htdocs\helpdeskz\hdz\app\Config\Services.php(39): CodeIgniter\Config\BaseService::getSharedInstance('kb')
#10 C:\xampp\htdocs\helpdeskz\hdz\app\Helpers\helpdesk_helper.php(122): Config\Services::kb()
#11 C:\xampp\htdocs\helpdeskz\hdz\app\Views\client\page_template.php(39): kb_popular()
#12 C:\xampp\htdocs\helpdeskz\hdz\framework\View\View.php(220): include('C:\\xampp\\htdocs...')
#13 C:\xampp\htdocs\helpdeskz\hdz\framework\View\View.php(222): CodeIgniter\View\View->CodeIgniter\View\{closure}()
#14 C:\xampp\htdocs\helpdeskz\hdz\framework\View\View.php(236): CodeIgniter\View\View->render('client/page_tem...', Array, true)
#15 C:\xampp\htdocs\helpdeskz\hdz\framework\Common.php(1217): CodeIgniter\View\View->render('client/error', Array, true)
#16 C:\xampp\htdocs\helpdeskz\hdz\app\Controllers\Kb.php(10): view('client/error', Array)
#17 C:\xampp\htdocs\helpdeskz\hdz\framework\CodeIgniter.php(936): App\Controllers\Kb->error404('plugins', 'bootstrap', 'js', 'bootstrap.min.j...')
#18 C:\xampp\htdocs\helpdeskz\hdz\framework\CodeIgniter.php(970): CodeIgniter\CodeIgniter->runController(Object(App\Controllers\Kb))
#19 C:\xampp\htdocs\helpdeskz\hdz\framework\CodeIgniter.php(349): CodeIgniter\CodeIgniter->display404errors(Object(CodeIgniter\Exceptions\PageNotFoundException))
#20 C:\xampp\htdocs\helpdeskz\index.php(44): CodeIgniter\CodeIgniter->run()
#21 {main}
CRITICAL - 2024-06-10 08:43:23 --> Attempt to read property "num_rows" on bool
#0 C:\xampp\htdocs\helpdeskz\hdz\app\Libraries\Kb.php(74): CodeIgniter\Debug\Exceptions->errorHandler(2, 'Attempt to read...', 'C:\\xampp\\htdocs...', 74)
#1 C:\xampp\htdocs\helpdeskz\hdz\app\Libraries\Kb.php(28): App\Libraries\Kb->publicCatList()
#2 C:\xampp\htdocs\helpdeskz\hdz\app\Config\Services.php(41): App\Libraries\Kb->__construct()
#3 C:\xampp\htdocs\helpdeskz\hdz\framework\Config\BaseService.php(100): Config\Services::kb(false)
#4 C:\xampp\htdocs\helpdeskz\hdz\app\Config\Services.php(39): CodeIgniter\Config\BaseService::getSharedInstance('kb')
#5 C:\xampp\htdocs\helpdeskz\hdz\app\Helpers\helpdesk_helper.php(122): Config\Services::kb()
#6 C:\xampp\htdocs\helpdeskz\hdz\app\Views\client\page_template.php(39): kb_popular()
#7 C:\xampp\htdocs\helpdeskz\hdz\framework\View\View.php(220): include('C:\\xampp\\htdocs...')
#8 C:\xampp\htdocs\helpdeskz\hdz\framework\View\View.php(222): CodeIgniter\View\View->CodeIgniter\View\{closure}()
#9 C:\xampp\htdocs\helpdeskz\hdz\framework\View\View.php(236): CodeIgniter\View\View->render('client/page_tem...', Array, true)
#10 C:\xampp\htdocs\helpdeskz\hdz\framework\Common.php(1217): CodeIgniter\View\View->render('client/error', Array, true)
#11 C:\xampp\htdocs\helpdeskz\hdz\app\Controllers\Kb.php(10): view('client/error', Array)
#12 C:\xampp\htdocs\helpdeskz\hdz\framework\CodeIgniter.php(936): App\Controllers\Kb->error404('plugins', 'bootstrap', 'js', 'bootstrap.min.j...')
#13 C:\xampp\htdocs\helpdeskz\hdz\framework\CodeIgniter.php(970): CodeIgniter\CodeIgniter->runController(Object(App\Controllers\Kb))
#14 C:\xampp\htdocs\helpdeskz\hdz\framework\CodeIgniter.php(349): CodeIgniter\CodeIgniter->display404errors(Object(CodeIgniter\Exceptions\PageNotFoundException))
#15 C:\xampp\htdocs\helpdeskz\index.php(44): CodeIgniter\CodeIgniter->run()
#16 {main}
ERROR - 2024-06-10 08:43:23 --> mysqli_sql_exception: Table 'helpdeskz.hdz_config' doesn't exist in C:\xampp\htdocs\helpdeskz\hdz\framework\Database\MySQLi\Connection.php:314
Stack trace:
#0 C:\xampp\htdocs\helpdeskz\hdz\framework\Database\MySQLi\Connection.php(314): mysqli->query('SELECT *\nFROM `...')
#1 C:\xampp\htdocs\helpdeskz\hdz\framework\Database\BaseConnection.php(713): CodeIgniter\Database\MySQLi\Connection->execute('SELECT *\nFROM `...')
#2 C:\xampp\htdocs\helpdeskz\hdz\framework\Database\BaseConnection.php(641): CodeIgniter\Database\BaseConnection->simpleQuery('SELECT *\nFROM `...')
#3 C:\xampp\htdocs\helpdeskz\hdz\framework\Database\BaseBuilder.php(1866): CodeIgniter\Database\BaseConnection->query('SELECT *\nFROM `...', Array, false)
#4 C:\xampp\htdocs\helpdeskz\hdz\app\Libraries\Settings.php(20): CodeIgniter\Database\BaseBuilder->get()
#5 C:\xampp\htdocs\helpdeskz\hdz\app\Controllers\BaseController.php(71): App\Libraries\Settings->config('maintenance')
#6 C:\xampp\htdocs\helpdeskz\hdz\framework\CodeIgniter.php(909): App\Controllers\BaseController->initController(Object(CodeIgniter\HTTP\IncomingRequest), Object(CodeIgniter\HTTP\Response), Object(CodeIgniter\Log\Logger))
#7 C:\xampp\htdocs\helpdeskz\hdz\framework\CodeIgniter.php(969): CodeIgniter\CodeIgniter->createController()
#8 C:\xampp\htdocs\helpdeskz\hdz\framework\CodeIgniter.php(349): CodeIgniter\CodeIgniter->display404errors(Object(CodeIgniter\Exceptions\PageNotFoundException))
#9 C:\xampp\htdocs\helpdeskz\index.php(44): CodeIgniter\CodeIgniter->run()
#10 {main}
ERROR - 2024-06-10 08:43:23 --> mysqli_sql_exception: Table 'helpdeskz.hdz_kb_category' doesn't exist in C:\xampp\htdocs\helpdeskz\hdz\framework\Database\MySQLi\Connection.php:314
Stack trace:
#0 C:\xampp\htdocs\helpdeskz\hdz\framework\Database\MySQLi\Connection.php(314): mysqli->query('SELECT *\nFROM `...')
#1 C:\xampp\htdocs\helpdeskz\hdz\framework\Database\BaseConnection.php(713): CodeIgniter\Database\MySQLi\Connection->execute('SELECT *\nFROM `...')
#2 C:\xampp\htdocs\helpdeskz\hdz\framework\Database\BaseConnection.php(641): CodeIgniter\Database\BaseConnection->simpleQuery('SELECT *\nFROM `...')
#3 C:\xampp\htdocs\helpdeskz\hdz\framework\Database\BaseBuilder.php(1866): CodeIgniter\Database\BaseConnection->query('SELECT *\nFROM `...', Array, false)
#4 C:\xampp\htdocs\helpdeskz\hdz\framework\Model.php(836): CodeIgniter\Database\BaseBuilder->get()
#5 C:\xampp\htdocs\helpdeskz\hdz\app\Libraries\Kb.php(73): CodeIgniter\Model->__call('get', Array)
#6 C:\xampp\htdocs\helpdeskz\hdz\app\Libraries\Kb.php(28): App\Libraries\Kb->publicCatList()
#7 C:\xampp\htdocs\helpdeskz\hdz\app\Config\Services.php(41): App\Libraries\Kb->__construct()
#8 C:\xampp\htdocs\helpdeskz\hdz\framework\Config\BaseService.php(100): Config\Services::kb(false)
#9 C:\xampp\htdocs\helpdeskz\hdz\app\Config\Services.php(39): CodeIgniter\Config\BaseService::getSharedInstance('kb')
#10 C:\xampp\htdocs\helpdeskz\hdz\app\Helpers\helpdesk_helper.php(122): Config\Services::kb()
#11 C:\xampp\htdocs\helpdeskz\hdz\app\Views\client\page_template.php(39): kb_popular()
#12 C:\xampp\htdocs\helpdeskz\hdz\framework\View\View.php(220): include('C:\\xampp\\htdocs...')
#13 C:\xampp\htdocs\helpdeskz\hdz\framework\View\View.php(222): CodeIgniter\View\View->CodeIgniter\View\{closure}()
#14 C:\xampp\htdocs\helpdeskz\hdz\framework\View\View.php(236): CodeIgniter\View\View->render('client/page_tem...', Array, true)
#15 C:\xampp\htdocs\helpdeskz\hdz\framework\Common.php(1217): CodeIgniter\View\View->render('client/error', Array, true)
#16 C:\xampp\htdocs\helpdeskz\hdz\app\Controllers\Kb.php(10): view('client/error', Array)
#17 C:\xampp\htdocs\helpdeskz\hdz\framework\CodeIgniter.php(936): App\Controllers\Kb->error404('js', 'vendor-all.min....')
#18 C:\xampp\htdocs\helpdeskz\hdz\framework\CodeIgniter.php(970): CodeIgniter\CodeIgniter->runController(Object(App\Controllers\Kb))
#19 C:\xampp\htdocs\helpdeskz\hdz\framework\CodeIgniter.php(349): CodeIgniter\CodeIgniter->display404errors(Object(CodeIgniter\Exceptions\PageNotFoundException))
#20 C:\xampp\htdocs\helpdeskz\index.php(44): CodeIgniter\CodeIgniter->run()
#21 {main}
CRITICAL - 2024-06-10 08:43:23 --> Attempt to read property "num_rows" on bool
#0 C:\xampp\htdocs\helpdeskz\hdz\app\Libraries\Kb.php(74): CodeIgniter\Debug\Exceptions->errorHandler(2, 'Attempt to read...', 'C:\\xampp\\htdocs...', 74)
#1 C:\xampp\htdocs\helpdeskz\hdz\app\Libraries\Kb.php(28): App\Libraries\Kb->publicCatList()
#2 C:\xampp\htdocs\helpdeskz\hdz\app\Config\Services.php(41): App\Libraries\Kb->__construct()
#3 C:\xampp\htdocs\helpdeskz\hdz\framework\Config\BaseService.php(100): Config\Services::kb(false)
#4 C:\xampp\htdocs\helpdeskz\hdz\app\Config\Services.php(39): CodeIgniter\Config\BaseService::getSharedInstance('kb')
#5 C:\xampp\htdocs\helpdeskz\hdz\app\Helpers\helpdesk_helper.php(122): Config\Services::kb()
#6 C:\xampp\htdocs\helpdeskz\hdz\app\Views\client\page_template.php(39): kb_popular()
#7 C:\xampp\htdocs\helpdeskz\hdz\framework\View\View.php(220): include('C:\\xampp\\htdocs...')
#8 C:\xampp\htdocs\helpdeskz\hdz\framework\View\View.php(222): CodeIgniter\View\View->CodeIgniter\View\{closure}()
#9 C:\xampp\htdocs\helpdeskz\hdz\framework\View\View.php(236): CodeIgniter\View\View->render('client/page_tem...', Array, true)
#10 C:\xampp\htdocs\helpdeskz\hdz\framework\Common.php(1217): CodeIgniter\View\View->render('client/error', Array, true)
#11 C:\xampp\htdocs\helpdeskz\hdz\app\Controllers\Kb.php(10): view('client/error', Array)
#12 C:\xampp\htdocs\helpdeskz\hdz\framework\CodeIgniter.php(936): App\Controllers\Kb->error404('js', 'vendor-all.min....')
#13 C:\xampp\htdocs\helpdeskz\hdz\framework\CodeIgniter.php(970): CodeIgniter\CodeIgniter->runController(Object(App\Controllers\Kb))
#14 C:\xampp\htdocs\helpdeskz\hdz\framework\CodeIgniter.php(349): CodeIgniter\CodeIgniter->display404errors(Object(CodeIgniter\Exceptions\PageNotFoundException))
#15 C:\xampp\htdocs\helpdeskz\index.php(44): CodeIgniter\CodeIgniter->run()
#16 {main}
ERROR - 2024-06-10 14:14:32 --> Email: sendWithMail throwed mail(): Failed to connect to mailserver at &quot;localhost&quot; port 25, verify your &quot;SMTP&quot; and &quot;smtp_port&quot; setting in php.ini or use ini_set()
ERROR - 2024-06-10 14:14:32 --> Error sending email to sonia@conred.gob.gt
ERROR - 2024-06-10 14:14:34 --> Email: sendWithMail throwed mail(): Failed to connect to mailserver at &quot;localhost&quot; port 25, verify your &quot;SMTP&quot; and &quot;smtp_port&quot; setting in php.ini or use ini_set()
ERROR - 2024-06-10 14:14:34 --> Error sending email to sonia@conred.gob.gt
ERROR - 2024-06-10 14:36:07 --> Email: sendWithSmtp throwed fsockopen(): php_network_getaddresses: getaddrinfo for mail.gmail.com failed: Host desconocido. 
ERROR - 2024-06-10 14:36:08 --> Error sending email to sdgonzales@conred.gob.gt
ERROR - 2024-06-10 14:36:08 --> Email: sendWithSmtp throwed fsockopen(): php_network_getaddresses: getaddrinfo for mail.gmail.com failed: Host desconocido. 
ERROR - 2024-06-10 14:36:08 --> Error sending email to sdgonzales@conred.gob.gt
